Watching for file changes with StatReloader
System check identified some issues:

WARNINGS:
todos.Todo: (models.W042) Auto-created primary key used when not defining a primary key type, by default 'django.db.models.AutoField'.
	HINT: Configure the DEFAULT_AUTO_FIELD setting or the TodosConfig.default_auto_field attribute to point to a subclass of AutoField, e.g. 'django.db.models.BigAutoField'.

System check identified 1 issue (0 silenced).
[07/Feb/2024 12:28:52] "GET /todos/ HTTP/1.1" 200 3515
[07/Feb/2024 12:28:52] "GET /static/css/style.css HTTP/1.1" 304 0
[07/Feb/2024 12:29:04] "POST /todos/add/ HTTP/1.1" 302 0
[07/Feb/2024 12:29:04] "GET /todos/ HTTP/1.1" 200 4105
Feb 07, 2024 2:55:15 PM org.jenkinsci.remoting.engine.WorkDirManager initializeWorkDir
INFO: Using /home/ubuntu/remoting as a remoting work directory
Feb 07, 2024 2:55:16 PM org.jenkinsci.remoting.engine.WorkDirManager setupLogging
INFO: Both error and output logs will be printed to /home/ubuntu/remoting
Feb 07, 2024 2:55:16 PM hudson.remoting.jnlp.Main createEngine
INFO: Setting up agent: Todo-environment
Feb 07, 2024 2:55:16 PM hudson.remoting.Engine startEngine
INFO: Using Remoting version: 3160.vd76b_9ddd10cc
Feb 07, 2024 2:55:16 PM org.jenkinsci.remoting.engine.WorkDirManager initializeWorkDir
INFO: Using /home/ubuntu/remoting as a remoting work directory
Feb 07, 2024 2:55:16 PM hudson.remoting.jnlp.Main$CuiListener status
INFO: WebSocket connection open
Feb 07, 2024 2:55:16 PM hudson.remoting.jnlp.Main$CuiListener status
INFO: Connected
